<?xml version="1.0" encoding="UTF-8"?>
<!-- Generated by org.testng.reporters.JUnitXMLReporter -->
<testsuite hostname="Pauls-MacBook-Pro.local" ignored="0" name="Default test" tests="3" failures="0" timestamp="30 Jul 2019 15:23:24 GMT" time="0.103" errors="0">
  <testcase name="Test1" time="0.016" classname="com.revature.testing.MyFirstTestNG"/>
  <testcase name="Test2" time="0.005" classname="com.revature.testing.MyFirstTestNG"/>
  <testcase name="Test3" time="0.009" classname="com.revature.testing.MyFirstTestNG"/>
</testsuite> <!-- Default test -->
